Reading netlist file: "D:\Verilog\tang\ip picorv\impl\gwsynthesis\ip picorv.vg"
Parsing netlist file "D:\Verilog\tang\ip picorv\impl\gwsynthesis\ip picorv.vg" completed
Processing netlist completed
Reading constraint file: "D:\Verilog\tang\ip picorv\src\ip picorv.cst"
Physical Constraint parsed completed
Running placement......
[10%] Placement Phase 0 completed
[20%] Placement Phase 1 completed
[30%] Placement Phase 2 completed
WARN  (TA1132) :  'jtag_TCK' was determined to be a clock but was not created.
[50%] Placement Phase 3 completed
Running routing......
[60%] Routing Phase 0 completed
[70%] Routing Phase 1 completed
[80%] Routing Phase 2 completed
WARN  (PR1014) : Generic routing resource will be used to clock signal 'clk_in_d' by the specified constraint. And then it may lead to the excessive delay or skew
[90%] Routing Phase 3 completed
Running timing analysis......
[95%] Timing analysis completed
Placement and routing completed
Bitstream generation in progress......
Bitstream generation completed
Running power analysis......
[100%] Power analysis completed
Generate file "D:\Verilog\tang\ip picorv\impl\pnr\ip picorv.power.html" completed
Generate file "D:\Verilog\tang\ip picorv\impl\pnr\ip picorv.pin.html" completed
Generate file "D:\Verilog\tang\ip picorv\impl\pnr\ip picorv.rpt.html" completed
Generate file "D:\Verilog\tang\ip picorv\impl\pnr\ip picorv.rpt.txt" completed
Generate file "D:\Verilog\tang\ip picorv\impl\pnr\ip picorv.tr.html" completed
Sat May 10 17:57:28 2025

