#! /c/Source/iverilog-install/bin/vvp
:ivl_version "12.0 (devel)" "(s20150603-1539-g2693dd32b)";
:ivl_delay_selection "TYPICAL";
:vpi_time_precision - 12;
:vpi_module "P:\iverilog\lib\ivl\system.vpi";
:vpi_module "P:\iverilog\lib\ivl\vhdl_sys.vpi";
:vpi_module "P:\iverilog\lib\ivl\vhdl_textio.vpi";
:vpi_module "P:\iverilog\lib\ivl\v2005_math.vpi";
:vpi_module "P:\iverilog\lib\ivl\va_math.vpi";
S_0000026dec615520 .scope module, "testbench" "testbench" 2 3;
 .timescale -9 -12;
v0000026dec615840_0 .var "a", 0 0;
v0000026dec6158e0_0 .var "b", 0 0;
v0000026dec55bd30_0 .net "y", 0 0, L_0000026dec5586d0;  1 drivers
S_0000026dec6156b0 .scope module, "uut" "and_gate" 2 11, 3 1 0, S_0000026dec615520;
 .timescale 0 0;
    .port_info 0 /INPUT 1 "a";
    .port_info 1 /INPUT 1 "b";
    .port_info 2 /OUTPUT 1 "y";
L_0000026dec5586d0 .functor AND 1, v0000026dec615840_0, v0000026dec6158e0_0, C4<1>, C4<1>;
v0000026dec556900_0 .net "a", 0 0, v0000026dec615840_0;  1 drivers
v0000026dec556460_0 .net "b", 0 0, v0000026dec6158e0_0;  1 drivers
v0000026dec556b20_0 .net "y", 0 0, L_0000026dec5586d0;  alias, 1 drivers
    .scope S_0000026dec615520;
T_0 ;
    %vpi_call 2 20 "$dumpfile", "wave.vcd" {0 0 0};
    %vpi_call 2 21 "$dumpvars", 32'sb00000000000000000000000000000000, S_0000026dec615520 {0 0 0};
    %pushi/vec4 0, 0, 1;
    %store/vec4 v0000026dec615840_0, 0, 1;
    %pushi/vec4 0, 0, 1;
    %store/vec4 v0000026dec6158e0_0, 0, 1;
    %delay 10000, 0;
    %pushi/vec4 0, 0, 1;
    %store/vec4 v0000026dec615840_0, 0, 1;
    %pushi/vec4 1, 0, 1;
    %store/vec4 v0000026dec6158e0_0, 0, 1;
    %delay 10000, 0;
    %pushi/vec4 1, 0, 1;
    %store/vec4 v0000026dec615840_0, 0, 1;
    %pushi/vec4 0, 0, 1;
    %store/vec4 v0000026dec6158e0_0, 0, 1;
    %delay 10000, 0;
    %pushi/vec4 1, 0, 1;
    %store/vec4 v0000026dec615840_0, 0, 1;
    %pushi/vec4 1, 0, 1;
    %store/vec4 v0000026dec6158e0_0, 0, 1;
    %delay 10000, 0;
    %vpi_call 2 30 "$finish" {0 0 0};
    %end;
    .thread T_0;
# The file index is used to find the file name in the following table.
:file_names 4;
    "N/A";
    "<interactive>";
    "testbench.v";
    "D:\Verilog\new.v";
