Reading netlist file: "D:\Verilog\tang\TangNano-20K-example\led\flow_led\impl\gwsynthesis\flow_led.vg"
Parsing netlist file "D:\Verilog\tang\TangNano-20K-example\led\flow_led\impl\gwsynthesis\flow_led.vg" completed
Processing netlist completed
Reading constraint file: "D:\Verilog\tang\TangNano-20K-example\led\flow_led\src\flow_led.cst"
Physical Constraint parsed completed
Running placement......
[10%] Placement Phase 0 completed
[20%] Placement Phase 1 completed
[30%] Placement Phase 2 completed
[50%] Placement Phase 3 completed
Running routing......
[60%] Routing Phase 0 completed
[70%] Routing Phase 1 completed
[80%] Routing Phase 2 completed
WARN  (PR1014) : Generic routing resource will be used to clock signal 'clk_d' by the specified constraint. And then it may lead to the excessive delay or skew
[90%] Routing Phase 3 completed
Running timing analysis......
[95%] Timing analysis completed
Placement and routing completed
Bitstream generation in progress......
Bitstream generation completed
Running power analysis......
[100%] Power analysis completed
Generate file "D:\Verilog\tang\TangNano-20K-example\led\flow_led\impl\pnr\flow_led.power.html" completed
Generate file "D:\Verilog\tang\TangNano-20K-example\led\flow_led\impl\pnr\flow_led.pin.html" completed
Generate file "D:\Verilog\tang\TangNano-20K-example\led\flow_led\impl\pnr\flow_led.rpt.html" completed
Generate file "D:\Verilog\tang\TangNano-20K-example\led\flow_led\impl\pnr\flow_led.rpt.txt" completed
Generate file "D:\Verilog\tang\TangNano-20K-example\led\flow_led\impl\pnr\flow_led.tr.html" completed
Fri May  9 19:00:29 2025

