GowinSynthesis start
Running parser ...
Analyzing Verilog file 'D:\Verilog\tang\uart\src\top.v'
Analyzing Verilog file 'D:\Verilog\tang\uart\src\uart.v'
Compiling module 'uart_tx_top'("D:\Verilog\tang\uart\src\top.v":1)
Extracting RAM for identifier 'message'("D:\Verilog\tang\uart\src\top.v":12)
Compiling module 'uart_tx'("D:\Verilog\tang\uart\src\uart.v":1)
NOTE  (EX0101) : Current top module is "uart_tx_top"
[5%] Running netlist conversion ...
Running device independent optimization ...
[10%] Optimizing Phase 0 completed
[15%] Optimizing Phase 1 completed
[25%] Optimizing Phase 2 completed
Running inference ...
[30%] Inferring Phase 0 completed
[40%] Inferring Phase 1 completed
[50%] Inferring Phase 2 completed
[55%] Inferring Phase 3 completed
Running technical mapping ...
[60%] Tech-Mapping Phase 0 completed
[65%] Tech-Mapping Phase 1 completed
[75%] Tech-Mapping Phase 2 completed
[80%] Tech-Mapping Phase 3 completed
[90%] Tech-Mapping Phase 4 completed
[95%] Generate netlist file "D:\Verilog\tang\uart\impl\gwsynthesis\uart.vg" completed
[100%] Generate report file "D:\Verilog\tang\uart\impl\gwsynthesis\uart_syn.rpt.html" completed
GowinSynthesis finish
